This file contains any messages produced by compilers while
running configure, to aid debugging if configure makes a mistake.

It was created by isl configure 0.16.1, which was
generated by GNU Autoconf 2.69.  Invocation command line was

  $ ./configure --prefix=/home/KALYANBHETWAL/IEGenLib_kalyan/IEGenLib/lib/installed --with-int=imath-32 --disable-shared --with-pic

## --------- ##
## Platform. ##
## --------- ##

hostname = onyx.boisestate.edu
uname -m = x86_64
uname -r = 4.18.0-372.32.1.el8_6.x86_64
uname -s = Linux
uname -v = #1 SMP Fri Oct 7 12:35:10 EDT 2022

/usr/bin/uname -p = x86_64
/bin/uname -X     = unknown

/bin/arch              = x86_64
/usr/bin/arch -k       = unknown
/usr/convex/getsysinfo = unknown
/usr/bin/hostinfo      = unknown
/bin/machine           = unknown
/usr/bin/oslevel       = unknown
/bin/universe          = unknown

PATH: /usr/local/apps/kotlin/bin
PATH: /usr/local/apps/texlive/2019/bin/x86_64-linux
PATH: /usr/local/apps/git/bin
PATH: /usr/local/apps/backpack
PATH: /usr/local/apps/WebStorm/bin
PATH: /usr/local/apps/RubyMine/bin
PATH: /usr/local/apps/pycharm/bin
PATH: /usr/local/apps/IntelliJIDEA/bin
PATH: /usr/local/apps/DataGrip/bin
PATH: /usr/local/apps/clion/bin
PATH: /usr/local/eclipse
PATH: /home/KALYANBHETWAL/.vscode-server/bin/d045a5eda657f4d7b676dedbfa7aab8207f8a075/bin/remote-cli
PATH: /home/KALYANBHETWAL/anaconda3/bin
PATH: /home/KALYANBHETWAL/anaconda3/condabin
PATH: /home/KALYANBHETWAL/.local/bin
PATH: /home/KALYANBHETWAL/bin
PATH: /home/KALYANBHETWAL/tools/bin
PATH: /usr/local/apps/kotlin/bin
PATH: /usr/local/apps/texlive/2019/bin/x86_64-linux
PATH: /usr/local/apps/git/bin
PATH: /usr/local/apps/backpack
PATH: /usr/local/apps/WebStorm/bin
PATH: /usr/local/apps/RubyMine/bin
PATH: /usr/local/apps/pycharm/bin
PATH: /usr/local/apps/IntelliJIDEA/bin
PATH: /usr/local/apps/DataGrip/bin
PATH: /usr/local/apps/clion/bin
PATH: /usr/local/eclipse
PATH: /usr/local/bin
PATH: /usr/bin
PATH: /usr/local/sbin
PATH: /usr/sbin
PATH: /opt/maple2021/bin
PATH: /usr/local/apps/dbdeployer
PATH: /var/lib/snapd/snap/bin
PATH: /usr/local/bin
PATH: .
PATH: /usr/local/apps/cmake/bin
PATH: /opt/maple2021/bin
PATH: /usr/local/apps/dbdeployer
PATH: /usr/local/bin
PATH: .
PATH: /usr/local/apps/cmake/bin


## ----------- ##
## Core tests. ##
## ----------- ##

configure:2825: checking for a BSD-compatible install
configure:2893: result: /usr/bin/install -c
configure:2904: checking whether build environment is sane
configure:2959: result: yes
configure:3110: checking for a thread-safe mkdir -p
configure:3149: result: /usr/bin/mkdir -p
configure:3156: checking for gawk
configure:3172: found /usr/bin/gawk
configure:3183: result: gawk
configure:3194: checking whether make sets $(MAKE)
configure:3216: result: yes
configure:3245: checking whether make supports nested variables
configure:3262: result: yes
configure:3399: checking whether make supports nested variables
configure:3416: result: yes
configure:3490: checking for gcc
configure:3506: found /usr/bin/gcc
configure:3517: result: gcc
configure:3746: checking for C compiler version
configure:3755: gcc --version >&5
gcc (GCC) 8.5.0 20210514 (Red Hat 8.5.0-10)
Copyright (C) 2018 Free Software Foundation, Inc.
This is free software; see the source for copying conditions.  There is NO
warranty; not even for MERCHANTABILITY or FITNESS FOR A PARTICULAR PURPOSE.

configure:3766: $? = 0
configure:3755: gcc -v >&5
Using built-in specs.
COLLECT_GCC=gcc
COLLECT_LTO_WRAPPER=/usr/libexec/gcc/x86_64-redhat-linux/8/lto-wrapper
OFFLOAD_TARGET_NAMES=nvptx-none
OFFLOAD_TARGET_DEFAULT=1
Target: x86_64-redhat-linux
Configured with: ../configure --enable-bootstrap --enable-languages=c,c++,fortran,lto --prefix=/usr --mandir=/usr/share/man --infodir=/usr/share/info --with-bugurl=http://bugzilla.redhat.com/bugzilla --enable-shared --enable-threads=posix --enable-checking=release --enable-multilib --with-system-zlib --enable-__cxa_atexit --disable-libunwind-exceptions --enable-gnu-unique-object --enable-linker-build-id --with-gcc-major-version-only --with-linker-hash-style=gnu --enable-plugin --enable-initfini-array --with-isl --disable-libmpx --enable-offload-targets=nvptx-none --without-cuda-driver --enable-gnu-indirect-function --enable-cet --with-tune=generic --with-arch_32=x86-64 --build=x86_64-redhat-linux
Thread model: posix
gcc version 8.5.0 20210514 (Red Hat 8.5.0-10) (GCC) 
configure:3766: $? = 0
configure:3755: gcc -V >&5
gcc: error: unrecognized command line option '-V'
gcc: fatal error: no input files
compilation terminated.
configure:3766: $? = 1
configure:3755: gcc -qversion >&5
gcc: error: unrecognized command line option '-qversion'; did you mean '--version'?
gcc: fatal error: no input files
compilation terminated.
configure:3766: $? = 1
configure:3786: checking whether the C compiler works
configure:3808: gcc    conftest.c  >&5
configure:3812: $? = 0
configure:3860: result: yes
configure:3863: checking for C compiler default output file name
configure:3865: result: a.out
configure:3871: checking for suffix of executables
configure:3878: gcc -o conftest    conftest.c  >&5
configure:3882: $? = 0
configure:3904: result: 
configure:3926: checking whether we are cross compiling
configure:3934: gcc -o conftest    conftest.c  >&5
configure:3938: $? = 0
configure:3945: ./conftest
configure:3949: $? = 0
configure:3964: result: no
configure:3969: checking for suffix of object files
configure:3991: gcc -c   conftest.c >&5
configure:3995: $? = 0
configure:4016: result: o
configure:4020: checking whether we are using the GNU C compiler
configure:4039: gcc -c   conftest.c >&5
configure:4039: $? = 0
configure:4048: result: yes
configure:4057: checking whether gcc accepts -g
configure:4077: gcc -c -g  conftest.c >&5
configure:4077: $? = 0
configure:4118: result: yes
configure:4135: checking for gcc option to accept ISO C89
configure:4198: gcc  -c -g -O2  conftest.c >&5
configure:4198: $? = 0
configure:4211: result: none needed
configure:4236: checking whether gcc understands -c and -o together
configure:4258: gcc -c conftest.c -o conftest2.o
configure:4261: $? = 0
configure:4258: gcc -c conftest.c -o conftest2.o
configure:4261: $? = 0
configure:4273: result: yes
configure:4293: checking whether make supports the include directive
configure:4308: make -f confmf.GNU && cat confinc.out
make[4]: Entering directory '/home/KALYANBHETWAL/IEGenLib_kalyan/IEGenLib/lib/isl'
make[4]: Leaving directory '/home/KALYANBHETWAL/IEGenLib_kalyan/IEGenLib/lib/isl'
this is the am__doit target
configure:4311: $? = 0
configure:4330: result: yes (GNU style)
configure:4355: checking dependency style of gcc
configure:4466: result: gcc3
configure:4539: checking for g++
configure:4555: found /usr/bin/g++
configure:4566: result: g++
configure:4593: checking for C++ compiler version
configure:4602: g++ --version >&5
g++ (GCC) 8.5.0 20210514 (Red Hat 8.5.0-10)
Copyright (C) 2018 Free Software Foundation, Inc.
This is free software; see the source for copying conditions.  There is NO
warranty; not even for MERCHANTABILITY or FITNESS FOR A PARTICULAR PURPOSE.

configure:4613: $? = 0
configure:4602: g++ -v >&5
Using built-in specs.
COLLECT_GCC=g++
COLLECT_LTO_WRAPPER=/usr/libexec/gcc/x86_64-redhat-linux/8/lto-wrapper
OFFLOAD_TARGET_NAMES=nvptx-none
OFFLOAD_TARGET_DEFAULT=1
Target: x86_64-redhat-linux
Configured with: ../configure --enable-bootstrap --enable-languages=c,c++,fortran,lto --prefix=/usr --mandir=/usr/share/man --infodir=/usr/share/info --with-bugurl=http://bugzilla.redhat.com/bugzilla --enable-shared --enable-threads=posix --enable-checking=release --enable-multilib --with-system-zlib --enable-__cxa_atexit --disable-libunwind-exceptions --enable-gnu-unique-object --enable-linker-build-id --with-gcc-major-version-only --with-linker-hash-style=gnu --enable-plugin --enable-initfini-array --with-isl --disable-libmpx --enable-offload-targets=nvptx-none --without-cuda-driver --enable-gnu-indirect-function --enable-cet --with-tune=generic --with-arch_32=x86-64 --build=x86_64-redhat-linux
Thread model: posix
gcc version 8.5.0 20210514 (Red Hat 8.5.0-10) (GCC) 
configure:4613: $? = 0
configure:4602: g++ -V >&5
g++: error: unrecognized command line option '-V'
g++: fatal error: no input files
compilation terminated.
configure:4613: $? = 1
configure:4602: g++ -qversion >&5
g++: error: unrecognized command line option '-qversion'; did you mean '--version'?
g++: fatal error: no input files
compilation terminated.
configure:4613: $? = 1
configure:4617: checking whether we are using the GNU C++ compiler
configure:4636: g++ -c   conftest.cpp >&5
configure:4636: $? = 0
configure:4645: result: yes
configure:4654: checking whether g++ accepts -g
configure:4674: g++ -c -g  conftest.cpp >&5
configure:4674: $? = 0
configure:4715: result: yes
configure:4740: checking dependency style of g++
configure:4851: result: gcc3
configure:4869: checking for C compiler vendor
configure:4893: gcc -c -g -O2  conftest.c >&5
conftest.c: In function 'main':
conftest.c:17:7: error: 'thisisanerror' undeclared (first use in this function)
       thisisanerror;
       ^~~~~~~~~~~~~
conftest.c:17:7: note: each undeclared identifier is reported only once for each function it appears in
configure:4893: $? = 1
configure: failed program was:
| /* confdefs.h */
| #define PACKAGE_NAME "isl"
| #define PACKAGE_TARNAME "isl"
| #define PACKAGE_VERSION "0.16.1"
| #define PACKAGE_STRING "isl 0.16.1"
| #define PACKAGE_BUGREPORT "isl-development@googlegroups.com"
| #define PACKAGE_URL ""
| #define PACKAGE "isl"
| #define VERSION "0.16.1"
| /* end confdefs.h.  */
| 
| int
| main ()
| {
| 
| #if !(defined(__ICC) || defined(__ECC) || defined(__INTEL_COMPILER))
|       thisisanerror;
| #endif
| 
|   ;
|   return 0;
| }
configure:4893: gcc -c -g -O2  conftest.c >&5
conftest.c: In function 'main':
conftest.c:17:7: error: 'thisisanerror' undeclared (first use in this function)
       thisisanerror;
       ^~~~~~~~~~~~~
conftest.c:17:7: note: each undeclared identifier is reported only once for each function it appears in
configure:4893: $? = 1
configure: failed program was:
| /* confdefs.h */
| #define PACKAGE_NAME "isl"
| #define PACKAGE_TARNAME "isl"
| #define PACKAGE_VERSION "0.16.1"
| #define PACKAGE_STRING "isl 0.16.1"
| #define PACKAGE_BUGREPORT "isl-development@googlegroups.com"
| #define PACKAGE_URL ""
| #define PACKAGE "isl"
| #define VERSION "0.16.1"
| /* end confdefs.h.  */
| 
| int
| main ()
| {
| 
| #if !(defined(__xlc__) || defined(__xlC__) || defined(__IBMC__) || defined(__IBMCPP__))
|       thisisanerror;
| #endif
| 
|   ;
|   return 0;
| }
configure:4893: gcc -c -g -O2  conftest.c >&5
conftest.c: In function 'main':
conftest.c:17:7: error: 'thisisanerror' undeclared (first use in this function)
       thisisanerror;
       ^~~~~~~~~~~~~
conftest.c:17:7: note: each undeclared identifier is reported only once for each function it appears in
configure:4893: $? = 1
configure: failed program was:
| /* confdefs.h */
| #define PACKAGE_NAME "isl"
| #define PACKAGE_TARNAME "isl"
| #define PACKAGE_VERSION "0.16.1"
| #define PACKAGE_STRING "isl 0.16.1"
| #define PACKAGE_BUGREPORT "isl-development@googlegroups.com"
| #define PACKAGE_URL ""
| #define PACKAGE "isl"
| #define VERSION "0.16.1"
| /* end confdefs.h.  */
| 
| int
| main ()
| {
| 
| #if !(defined(__PATHCC__) || defined(__PATHSCALE__))
|       thisisanerror;
| #endif
| 
|   ;
|   return 0;
| }
configure:4893: gcc -c -g -O2  conftest.c >&5
conftest.c: In function 'main':
conftest.c:17:7: error: 'thisisanerror' undeclared (first use in this function)
       thisisanerror;
       ^~~~~~~~~~~~~
conftest.c:17:7: note: each undeclared identifier is reported only once for each function it appears in
configure:4893: $? = 1
configure: failed program was:
| /* confdefs.h */
| #define PACKAGE_NAME "isl"
| #define PACKAGE_TARNAME "isl"
| #define PACKAGE_VERSION "0.16.1"
| #define PACKAGE_STRING "isl 0.16.1"
| #define PACKAGE_BUGREPORT "isl-development@googlegroups.com"
| #define PACKAGE_URL ""
| #define PACKAGE "isl"
| #define VERSION "0.16.1"
| /* end confdefs.h.  */
| 
| int
| main ()
| {
| 
| #if !(defined(__clang__))
|       thisisanerror;
| #endif
| 
|   ;
|   return 0;
| }
configure:4893: gcc -c -g -O2  conftest.c >&5
configure:4893: $? = 0
configure:4900: result: gnu
configure:4907: checking build system type
configure:4921: result: x86_64-pc-linux-gnu
configure:4941: checking host system type
configure:4954: result: x86_64-pc-linux-gnu
configure:5230: checking whether C compiler accepts -malign-double
configure:5249: gcc -c -malign-double  conftest.c >&5
configure:5249: $? = 0
configure:5259: result: yes
configure:5269: checking whether C compiler accepts -fstrict-aliasing
configure:5288: gcc -c -fstrict-aliasing  conftest.c >&5
configure:5288: $? = 0
configure:5298: result: yes
configure:5308: checking whether C compiler accepts -ffast-math
configure:5327: gcc -c -ffast-math  conftest.c >&5
configure:5327: $? = 0
configure:5337: result: yes
configure:5358: checking for gcc architecture flag
configure:5360: result: 
configure:5382: checking for x86 cpuid 0 output
configure:5411: gcc -o conftest -O3 -fomit-frame-pointer -malign-double -fstrict-aliasing -ffast-math   conftest.c  >&5
configure:5411: $? = 0
configure:5411: ./conftest
configure:5411: $? = 0
configure:5421: result: 16:756e6547:6c65746e:49656e69
configure:5437: checking for x86 cpuid 1 output
configure:5466: gcc -o conftest -O3 -fomit-frame-pointer -malign-double -fstrict-aliasing -ffast-math   conftest.c  >&5
configure:5466: $? = 0
configure:5466: ./conftest
configure:5466: $? = 0
configure:5476: result: 50654:24200800:7ffefbff:bfebfbff
configure:5690: checking whether C compiler accepts -march=pentium2
configure:5705: gcc -c -march=pentium2  conftest.c >&5
cc1: error: CPU you selected does not support x86-64 instruction set
configure:5705: $? = 1
configure: failed program was:
| /* confdefs.h */
| #define PACKAGE_NAME "isl"
| #define PACKAGE_TARNAME "isl"
| #define PACKAGE_VERSION "0.16.1"
| #define PACKAGE_STRING "isl 0.16.1"
| #define PACKAGE_BUGREPORT "isl-development@googlegroups.com"
| #define PACKAGE_URL ""
| #define PACKAGE "isl"
| #define VERSION "0.16.1"
| /* end confdefs.h.  */
| 
| int
| main ()
| {
| 
|   ;
|   return 0;
| }
configure:5713: result: no
configure:5690: checking whether C compiler accepts -mcpu=pentium2
configure:5705: gcc -c -mcpu=pentium2  conftest.c >&5
gcc: warning: '-mcpu=' is deprecated; use '-mtune=' or '-march=' instead
cc1: error: CPU you selected does not support x86-64 instruction set
configure:5705: $? = 1
configure: failed program was:
| /* confdefs.h */
| #define PACKAGE_NAME "isl"
| #define PACKAGE_TARNAME "isl"
| #define PACKAGE_VERSION "0.16.1"
| #define PACKAGE_STRING "isl 0.16.1"
| #define PACKAGE_BUGREPORT "isl-development@googlegroups.com"
| #define PACKAGE_URL ""
| #define PACKAGE "isl"
| #define VERSION "0.16.1"
| /* end confdefs.h.  */
| 
| int
| main ()
| {
| 
|   ;
|   return 0;
| }
configure:5713: result: no
configure:5690: checking whether C compiler accepts -mpentium2
configure:5705: gcc -c -mpentium2  conftest.c >&5
gcc: error: unrecognized command line option '-mpentium2'
configure:5705: $? = 1
configure: failed program was:
| /* confdefs.h */
| #define PACKAGE_NAME "isl"
| #define PACKAGE_TARNAME "isl"
| #define PACKAGE_VERSION "0.16.1"
| #define PACKAGE_STRING "isl 0.16.1"
| #define PACKAGE_BUGREPORT "isl-development@googlegroups.com"
| #define PACKAGE_URL ""
| #define PACKAGE "isl"
| #define VERSION "0.16.1"
| /* end confdefs.h.  */
| 
| int
| main ()
| {
| 
|   ;
|   return 0;
| }
configure:5713: result: no
configure:5690: checking whether C compiler accepts -march=pentiumpro
configure:5705: gcc -c -march=pentiumpro  conftest.c >&5
cc1: error: CPU you selected does not support x86-64 instruction set
configure:5705: $? = 1
configure: failed program was:
| /* confdefs.h */
| #define PACKAGE_NAME "isl"
| #define PACKAGE_TARNAME "isl"
| #define PACKAGE_VERSION "0.16.1"
| #define PACKAGE_STRING "isl 0.16.1"
| #define PACKAGE_BUGREPORT "isl-development@googlegroups.com"
| #define PACKAGE_URL ""
| #define PACKAGE "isl"
| #define VERSION "0.16.1"
| /* end confdefs.h.  */
| 
| int
| main ()
| {
| 
|   ;
|   return 0;
| }
configure:5713: result: no
configure:5690: checking whether C compiler accepts -mcpu=pentiumpro
configure:5705: gcc -c -mcpu=pentiumpro  conftest.c >&5
gcc: warning: '-mcpu=' is deprecated; use '-mtune=' or '-march=' instead
cc1: error: CPU you selected does not support x86-64 instruction set
configure:5705: $? = 1
configure: failed program was:
| /* confdefs.h */
| #define PACKAGE_NAME "isl"
| #define PACKAGE_TARNAME "isl"
| #define PACKAGE_VERSION "0.16.1"
| #define PACKAGE_STRING "isl 0.16.1"
| #define PACKAGE_BUGREPORT "isl-development@googlegroups.com"
| #define PACKAGE_URL ""
| #define PACKAGE "isl"
| #define VERSION "0.16.1"
| /* end confdefs.h.  */
| 
| int
| main ()
| {
| 
|   ;
|   return 0;
| }
configure:5713: result: no
configure:5690: checking whether C compiler accepts -mpentiumpro
configure:5705: gcc -c -mpentiumpro  conftest.c >&5
gcc: error: unrecognized command line option '-mpentiumpro'
configure:5705: $? = 1
configure: failed program was:
| /* confdefs.h */
| #define PACKAGE_NAME "isl"
| #define PACKAGE_TARNAME "isl"
| #define PACKAGE_VERSION "0.16.1"
| #define PACKAGE_STRING "isl 0.16.1"
| #define PACKAGE_BUGREPORT "isl-development@googlegroups.com"
| #define PACKAGE_URL ""
| #define PACKAGE "isl"
| #define VERSION "0.16.1"
| /* end confdefs.h.  */
| 
| int
| main ()
| {
| 
|   ;
|   return 0;
| }
configure:5713: result: no
configure:5730: checking for gcc architecture flag
configure:5732: result: unknown
configure:5764: checking whether C compiler accepts -O3 -fomit-frame-pointer -malign-double -fstrict-aliasing -ffast-math
configure:5779: gcc -c -O3 -fomit-frame-pointer -malign-double -fstrict-aliasing -ffast-math  conftest.c >&5
configure:5779: $? = 0
configure:5787: result: yes
configure:5807: checking whether the compiler supports function __attribute__((__warn_unused_result__))
configure:5825: gcc -c -O3 -fomit-frame-pointer -malign-double -fstrict-aliasing -ffast-math  conftest.c >&5
configure:5825: $? = 0
configure:5832: result: yes
configure:5841: checking for __attribute__
configure:5863: gcc -c -O3 -fomit-frame-pointer -malign-double -fstrict-aliasing -ffast-math  conftest.c >&5
configure:5863: $? = 0
configure:5872: result: yes
configure:5927: checking how to print strings
configure:5954: result: printf
configure:5975: checking for a sed that does not truncate output
configure:6039: result: /usr/bin/sed
configure:6057: checking for grep that handles long lines and -e
configure:6115: result: /usr/bin/grep
configure:6120: checking for egrep
configure:6182: result: /usr/bin/grep -E
configure:6187: checking for fgrep
configure:6249: result: /usr/bin/grep -F
configure:6284: checking for ld used by gcc
configure:6351: result: /usr/bin/ld
configure:6358: checking if the linker (/usr/bin/ld) is GNU ld
configure:6373: result: yes
configure:6385: checking for BSD- or MS-compatible name lister (nm)
configure:6439: result: /usr/bin/nm -B
configure:6569: checking the name lister (/usr/bin/nm -B) interface
configure:6576: gcc -c -O3 -fomit-frame-pointer -malign-double -fstrict-aliasing -ffast-math  conftest.c >&5
configure:6579: /usr/bin/nm -B "conftest.o"
configure:6582: output
0000000000000000 B some_variable
configure:6589: result: BSD nm
configure:6592: checking whether ln -s works
configure:6596: result: yes
configure:6604: checking the maximum length of command line arguments
configure:6735: result: 1572864
configure:6783: checking how to convert x86_64-pc-linux-gnu file names to x86_64-pc-linux-gnu format
configure:6823: result: func_convert_file_noop
configure:6830: checking how to convert x86_64-pc-linux-gnu file names to toolchain format
configure:6850: result: func_convert_file_noop
configure:6857: checking for /usr/bin/ld option to reload object files
configure:6864: result: -r
configure:6938: checking for objdump
configure:6954: found /usr/bin/objdump
configure:6965: result: objdump
configure:6997: checking how to recognize dependent libraries
configure:7197: result: pass_all
configure:7282: checking for dlltool
configure:7312: result: no
configure:7342: checking how to associate runtime and link libraries
configure:7369: result: printf %s\n
configure:7429: checking for ar
configure:7445: found /usr/bin/ar
configure:7456: result: ar
configure:7493: checking for archiver @FILE support
configure:7510: gcc -c -O3 -fomit-frame-pointer -malign-double -fstrict-aliasing -ffast-math  conftest.c >&5
configure:7510: $? = 0
configure:7513: ar cru libconftest.a @conftest.lst >&5
configure:7516: $? = 0
configure:7521: ar cru libconftest.a @conftest.lst >&5
ar: conftest.o: No such file or directory
configure:7524: $? = 1
configure:7536: result: @
configure:7594: checking for strip
configure:7610: found /usr/bin/strip
configure:7621: result: strip
configure:7693: checking for ranlib
configure:7709: found /usr/bin/ranlib
configure:7720: result: ranlib
configure:7822: checking command to parse /usr/bin/nm -B output from gcc object
configure:7975: gcc -c -O3 -fomit-frame-pointer -malign-double -fstrict-aliasing -ffast-math  conftest.c >&5
configure:7978: $? = 0
configure:7982: /usr/bin/nm -B conftest.o \| sed -n -e 's/^.*[ ]\([ABCDGIRSTW][ABCDGIRSTW]*\)[ ][ ]*\([_A-Za-z][_A-Za-z0-9]*\)$/\1 \2 \2/p' | sed '/ __gnu_lto/d' \> conftest.nm
configure:7985: $? = 0
configure:8051: gcc -o conftest -O3 -fomit-frame-pointer -malign-double -fstrict-aliasing -ffast-math   conftest.c conftstm.o >&5
configure:8054: $? = 0
configure:8092: result: ok
configure:8139: checking for sysroot
configure:8169: result: no
configure:8176: checking for a working dd
configure:8214: result: /usr/bin/dd
configure:8218: checking how to truncate binary pipes
configure:8233: result: /usr/bin/dd bs=4096 count=1
configure:8369: gcc -c -O3 -fomit-frame-pointer -malign-double -fstrict-aliasing -ffast-math  conftest.c >&5
configure:8372: $? = 0
configure:8562: checking for mt
configure:8592: result: no
configure:8612: checking if : is a manifest tool
configure:8618: : '-?'
configure:8626: result: no
configure:9303: checking how to run the C preprocessor
configure:9334: gcc -E  conftest.c
configure:9334: $? = 0
configure:9348: gcc -E  conftest.c
conftest.c:13:10: fatal error: ac_nonexistent.h: No such file or directory
 #include <ac_nonexistent.h>
          ^~~~~~~~~~~~~~~~~~
compilation terminated.
configure:9348: $? = 1
configure: failed program was:
| /* confdefs.h */
| #define PACKAGE_NAME "isl"
| #define PACKAGE_TARNAME "isl"
| #define PACKAGE_VERSION "0.16.1"
| #define PACKAGE_STRING "isl 0.16.1"
| #define PACKAGE_BUGREPORT "isl-development@googlegroups.com"
| #define PACKAGE_URL ""
| #define PACKAGE "isl"
| #define VERSION "0.16.1"
| #define GCC_WARN_UNUSED_RESULT __attribute__((__warn_unused_result__))
| #define HAVE___ATTRIBUTE__ 1
| /* end confdefs.h.  */
| #include <ac_nonexistent.h>
configure:9373: result: gcc -E
configure:9393: gcc -E  conftest.c
configure:9393: $? = 0
configure:9407: gcc -E  conftest.c
conftest.c:13:10: fatal error: ac_nonexistent.h: No such file or directory
 #include <ac_nonexistent.h>
          ^~~~~~~~~~~~~~~~~~
compilation terminated.
configure:9407: $? = 1
configure: failed program was:
| /* confdefs.h */
| #define PACKAGE_NAME "isl"
| #define PACKAGE_TARNAME "isl"
| #define PACKAGE_VERSION "0.16.1"
| #define PACKAGE_STRING "isl 0.16.1"
| #define PACKAGE_BUGREPORT "isl-development@googlegroups.com"
| #define PACKAGE_URL ""
| #define PACKAGE "isl"
| #define VERSION "0.16.1"
| #define GCC_WARN_UNUSED_RESULT __attribute__((__warn_unused_result__))
| #define HAVE___ATTRIBUTE__ 1
| /* end confdefs.h.  */
| #include <ac_nonexistent.h>
configure:9436: checking for ANSI C header files
configure:9456: gcc -c -O3 -fomit-frame-pointer -malign-double -fstrict-aliasing -ffast-math  conftest.c >&5
configure:9456: $? = 0
configure:9529: gcc -o conftest -O3 -fomit-frame-pointer -malign-double -fstrict-aliasing -ffast-math   conftest.c  >&5
configure:9529: $? = 0
configure:9529: ./conftest
configure:9529: $? = 0
configure:9540: result: yes
configure:9553: checking for sys/types.h
configure:9553: gcc -c -O3 -fomit-frame-pointer -malign-double -fstrict-aliasing -ffast-math  conftest.c >&5
configure:9553: $? = 0
configure:9553: result: yes
configure:9553: checking for sys/stat.h
configure:9553: gcc -c -O3 -fomit-frame-pointer -malign-double -fstrict-aliasing -ffast-math  conftest.c >&5
configure:9553: $? = 0
configure:9553: result: yes
configure:9553: checking for stdlib.h
configure:9553: gcc -c -O3 -fomit-frame-pointer -malign-double -fstrict-aliasing -ffast-math  conftest.c >&5
configure:9553: $? = 0
configure:9553: result: yes
configure:9553: checking for string.h
configure:9553: gcc -c -O3 -fomit-frame-pointer -malign-double -fstrict-aliasing -ffast-math  conftest.c >&5
configure:9553: $? = 0
configure:9553: result: yes
configure:9553: checking for memory.h
configure:9553: gcc -c -O3 -fomit-frame-pointer -malign-double -fstrict-aliasing -ffast-math  conftest.c >&5
configure:9553: $? = 0
configure:9553: result: yes
configure:9553: checking for strings.h
configure:9553: gcc -c -O3 -fomit-frame-pointer -malign-double -fstrict-aliasing -ffast-math  conftest.c >&5
configure:9553: $? = 0
configure:9553: result: yes
configure:9553: checking for inttypes.h
configure:9553: gcc -c -O3 -fomit-frame-pointer -malign-double -fstrict-aliasing -ffast-math  conftest.c >&5
configure:9553: $? = 0
configure:9553: result: yes
configure:9553: checking for stdint.h
configure:9553: gcc -c -O3 -fomit-frame-pointer -malign-double -fstrict-aliasing -ffast-math  conftest.c >&5
configure:9553: $? = 0
configure:9553: result: yes
configure:9553: checking for unistd.h
configure:9553: gcc -c -O3 -fomit-frame-pointer -malign-double -fstrict-aliasing -ffast-math  conftest.c >&5
configure:9553: $? = 0
configure:9553: result: yes
configure:9567: checking for dlfcn.h
configure:9567: gcc -c -O3 -fomit-frame-pointer -malign-double -fstrict-aliasing -ffast-math  conftest.c >&5
configure:9567: $? = 0
configure:9567: result: yes
configure:9834: checking for objdir
configure:9849: result: .libs
configure:10113: checking if gcc supports -fno-rtti -fno-exceptions
configure:10131: gcc -c -O3 -fomit-frame-pointer -malign-double -fstrict-aliasing -ffast-math  -fno-rtti -fno-exceptions conftest.c >&5
cc1: warning: command line option '-fno-rtti' is valid for C++/ObjC++ but not for C
configure:10135: $? = 0
configure:10148: result: no
configure:10506: checking for gcc option to produce PIC
configure:10513: result: -fPIC -DPIC
configure:10521: checking if gcc PIC flag -fPIC -DPIC works
configure:10539: gcc -c -O3 -fomit-frame-pointer -malign-double -fstrict-aliasing -ffast-math  -fPIC -DPIC -DPIC conftest.c >&5
configure:10543: $? = 0
configure:10556: result: yes
configure:10585: checking if gcc static flag -static works
configure:10613: result: no
configure:10628: checking if gcc supports -c -o file.o
configure:10649: gcc -c -O3 -fomit-frame-pointer -malign-double -fstrict-aliasing -ffast-math  -o out/conftest2.o conftest.c >&5
configure:10653: $? = 0
configure:10675: result: yes
configure:10683: checking if gcc supports -c -o file.o
configure:10730: result: yes
configure:10763: checking whether the gcc linker (/usr/bin/ld -m elf_x86_64) supports shared libraries
configure:12022: result: yes
configure:12262: checking dynamic linker characteristics
configure:12843: gcc -o conftest -O3 -fomit-frame-pointer -malign-double -fstrict-aliasing -ffast-math   -Wl,-rpath -Wl,/foo conftest.c  >&5
configure:12843: $? = 0
configure:13080: result: GNU/Linux ld.so
configure:13202: checking how to hardcode library paths into programs
configure:13227: result: immediate
configure:13775: checking whether stripping libraries is possible
configure:13780: result: yes
configure:13815: checking if libtool supports shared libraries
configure:13817: result: yes
configure:13820: checking whether to build shared libraries
configure:13845: result: no
configure:13848: checking whether to build static libraries
configure:13852: result: yes
configure:13875: checking how to run the C++ preprocessor
configure:13902: g++ -E  conftest.cpp
configure:13902: $? = 0
configure:13916: g++ -E  conftest.cpp
conftest.cpp:25:10: fatal error: ac_nonexistent.h: No such file or directory
 #include <ac_nonexistent.h>
          ^~~~~~~~~~~~~~~~~~
compilation terminated.
configure:13916: $? = 1
configure: failed program was:
| /* confdefs.h */
| #define PACKAGE_NAME "isl"
| #define PACKAGE_TARNAME "isl"
| #define PACKAGE_VERSION "0.16.1"
| #define PACKAGE_STRING "isl 0.16.1"
| #define PACKAGE_BUGREPORT "isl-development@googlegroups.com"
| #define PACKAGE_URL ""
| #define PACKAGE "isl"
| #define VERSION "0.16.1"
| #define GCC_WARN_UNUSED_RESULT __attribute__((__warn_unused_result__))
| #define HAVE___ATTRIBUTE__ 1
| #define STDC_HEADERS 1
| #define HAVE_SYS_TYPES_H 1
| #define HAVE_SYS_STAT_H 1
| #define HAVE_STDLIB_H 1
| #define HAVE_STRING_H 1
| #define HAVE_MEMORY_H 1
| #define HAVE_STRINGS_H 1
| #define HAVE_INTTYPES_H 1
| #define HAVE_STDINT_H 1
| #define HAVE_UNISTD_H 1
| #define HAVE_DLFCN_H 1
| #define LT_OBJDIR ".libs/"
| /* end confdefs.h.  */
| #include <ac_nonexistent.h>
configure:13941: result: g++ -E
configure:13961: g++ -E  conftest.cpp
configure:13961: $? = 0
configure:13975: g++ -E  conftest.cpp
conftest.cpp:25:10: fatal error: ac_nonexistent.h: No such file or directory
 #include <ac_nonexistent.h>
          ^~~~~~~~~~~~~~~~~~
compilation terminated.
configure:13975: $? = 1
configure: failed program was:
| /* confdefs.h */
| #define PACKAGE_NAME "isl"
| #define PACKAGE_TARNAME "isl"
| #define PACKAGE_VERSION "0.16.1"
| #define PACKAGE_STRING "isl 0.16.1"
| #define PACKAGE_BUGREPORT "isl-development@googlegroups.com"
| #define PACKAGE_URL ""
| #define PACKAGE "isl"
| #define VERSION "0.16.1"
| #define GCC_WARN_UNUSED_RESULT __attribute__((__warn_unused_result__))
| #define HAVE___ATTRIBUTE__ 1
| #define STDC_HEADERS 1
| #define HAVE_SYS_TYPES_H 1
| #define HAVE_SYS_STAT_H 1
| #define HAVE_STDLIB_H 1
| #define HAVE_STRING_H 1
| #define HAVE_MEMORY_H 1
| #define HAVE_STRINGS_H 1
| #define HAVE_INTTYPES_H 1
| #define HAVE_STDINT_H 1
| #define HAVE_UNISTD_H 1
| #define HAVE_DLFCN_H 1
| #define LT_OBJDIR ".libs/"
| /* end confdefs.h.  */
| #include <ac_nonexistent.h>
configure:14137: checking for ld used by g++
configure:14204: result: /usr/bin/ld -m elf_x86_64
configure:14211: checking if the linker (/usr/bin/ld -m elf_x86_64) is GNU ld
configure:14226: result: yes
configure:14281: checking whether the g++ linker (/usr/bin/ld -m elf_x86_64) supports shared libraries
configure:15354: result: yes
configure:15390: g++ -c -g -O2  conftest.cpp >&5
configure:15393: $? = 0
configure:15874: checking for g++ option to produce PIC
configure:15881: result: -fPIC -DPIC
configure:15889: checking if g++ PIC flag -fPIC -DPIC works
configure:15907: g++ -c -g -O2  -fPIC -DPIC -DPIC conftest.cpp >&5
configure:15911: $? = 0
configure:15924: result: yes
configure:15947: checking if g++ static flag -static works
configure:15975: result: no
configure:15987: checking if g++ supports -c -o file.o
configure:16008: g++ -c -g -O2  -o out/conftest2.o conftest.cpp >&5
configure:16012: $? = 0
configure:16034: result: yes
configure:16039: checking if g++ supports -c -o file.o
configure:16086: result: yes
configure:16116: checking whether the g++ linker (/usr/bin/ld -m elf_x86_64) supports shared libraries
configure:16156: result: yes
configure:16297: checking dynamic linker characteristics
configure:17042: result: GNU/Linux ld.so
configure:17107: checking how to hardcode library paths into programs
configure:17132: result: immediate
configure:17196: checking for perl
configure:17212: found /usr/bin/perl
configure:17223: result: perl
configure:17233: checking for pdflatex
configure:17263: result: no
configure:17270: checking for pod2html
configure:17300: result: no
configure:17316: checking for stdint types
configure:17339: gcc -c   conftest.c >&5
configure:17339: $? = 0
configure:17383: result: stdint.h (shortcircuit)
configure:17770: result: make use of stdint.h in include/isl/stdint.h (assuming C99 compatible system)
configure:18035: checking imath.h usability
configure:18035: gcc -c -O3 -fomit-frame-pointer -malign-double -fstrict-aliasing -ffast-math -I./imath_wrap  conftest.c >&5
configure:18035: $? = 0
configure:18035: result: yes
configure:18035: checking imath.h presence
configure:18035: gcc -E -I./imath_wrap  conftest.c
configure:18035: $? = 0
configure:18035: result: yes
configure:18035: checking for imath.h
configure:18035: result: yes
configure:18043: checking gmp_compat.h usability
configure:18043: gcc -c -O3 -fomit-frame-pointer -malign-double -fstrict-aliasing -ffast-math -I./imath_wrap  conftest.c >&5
configure:18043: $? = 0
configure:18043: result: yes
configure:18043: checking gmp_compat.h presence
configure:18043: gcc -E -I./imath_wrap  conftest.c
configure:18043: $? = 0
configure:18043: result: yes
configure:18043: checking for gmp_compat.h
configure:18043: result: yes
configure:18101: checking whether ffs is declared
configure:18101: gcc -c -O3 -fomit-frame-pointer -malign-double -fstrict-aliasing -ffast-math  conftest.c >&5
configure:18101: $? = 0
configure:18101: result: yes
configure:18113: checking whether __builtin_ffs is declared
configure:18113: gcc -c -O3 -fomit-frame-pointer -malign-double -fstrict-aliasing -ffast-math  conftest.c >&5
configure:18113: $? = 0
configure:18113: result: yes
configure:18124: checking whether _BitScanForward is declared
configure:18124: gcc -c -O3 -fomit-frame-pointer -malign-double -fstrict-aliasing -ffast-math  conftest.c >&5
conftest.c:29:10: fatal error: intrin.h: No such file or directory
 #include <intrin.h>
          ^~~~~~~~~~
compilation terminated.
configure:18124: $? = 1
configure: failed program was:
| /* confdefs.h */
| #define PACKAGE_NAME "isl"
| #define PACKAGE_TARNAME "isl"
| #define PACKAGE_VERSION "0.16.1"
| #define PACKAGE_STRING "isl 0.16.1"
| #define PACKAGE_BUGREPORT "isl-development@googlegroups.com"
| #define PACKAGE_URL ""
| #define PACKAGE "isl"
| #define VERSION "0.16.1"
| #define GCC_WARN_UNUSED_RESULT __attribute__((__warn_unused_result__))
| #define HAVE___ATTRIBUTE__ 1
| #define STDC_HEADERS 1
| #define HAVE_SYS_TYPES_H 1
| #define HAVE_SYS_STAT_H 1
| #define HAVE_STDLIB_H 1
| #define HAVE_STRING_H 1
| #define HAVE_MEMORY_H 1
| #define HAVE_STRINGS_H 1
| #define HAVE_INTTYPES_H 1
| #define HAVE_STDINT_H 1
| #define HAVE_UNISTD_H 1
| #define HAVE_DLFCN_H 1
| #define LT_OBJDIR ".libs/"
| #define USE_IMATH_FOR_MP /**/
| #define USE_SMALL_INT_OPT /**/
| #define HAVE_DECL_FFS 1
| #define HAVE_DECL___BUILTIN_FFS 1
| /* end confdefs.h.  */
| #include <intrin.h>
| 
| int
| main ()
| {
| #ifndef _BitScanForward
| #ifdef __cplusplus
|   (void) _BitScanForward;
| #else
|   (void) _BitScanForward;
| #endif
| #endif
| 
|   ;
|   return 0;
| }
configure:18124: result: no
configure:18141: checking whether strcasecmp is declared
configure:18141: gcc -c -O3 -fomit-frame-pointer -malign-double -fstrict-aliasing -ffast-math  conftest.c >&5
configure:18141: $? = 0
configure:18141: result: yes
configure:18152: checking whether strncasecmp is declared
configure:18152: gcc -c -O3 -fomit-frame-pointer -malign-double -fstrict-aliasing -ffast-math  conftest.c >&5
configure:18152: $? = 0
configure:18152: result: yes
configure:18164: checking whether _stricmp is declared
configure:18164: gcc -c -O3 -fomit-frame-pointer -malign-double -fstrict-aliasing -ffast-math  conftest.c >&5
conftest.c: In function 'main':
conftest.c:41:10: error: '_stricmp' undeclared (first use in this function); did you mean 'strncmp'?
   (void) _stricmp;
          ^~~~~~~~
          strncmp
conftest.c:41:10: note: each undeclared identifier is reported only once for each function it appears in
configure:18164: $? = 1
configure: failed program was:
| /* confdefs.h */
| #define PACKAGE_NAME "isl"
| #define PACKAGE_TARNAME "isl"
| #define PACKAGE_VERSION "0.16.1"
| #define PACKAGE_STRING "isl 0.16.1"
| #define PACKAGE_BUGREPORT "isl-development@googlegroups.com"
| #define PACKAGE_URL ""
| #define PACKAGE "isl"
| #define VERSION "0.16.1"
| #define GCC_WARN_UNUSED_RESULT __attribute__((__warn_unused_result__))
| #define HAVE___ATTRIBUTE__ 1
| #define STDC_HEADERS 1
| #define HAVE_SYS_TYPES_H 1
| #define HAVE_SYS_STAT_H 1
| #define HAVE_STDLIB_H 1
| #define HAVE_STRING_H 1
| #define HAVE_MEMORY_H 1
| #define HAVE_STRINGS_H 1
| #define HAVE_INTTYPES_H 1
| #define HAVE_STDINT_H 1
| #define HAVE_UNISTD_H 1
| #define HAVE_DLFCN_H 1
| #define LT_OBJDIR ".libs/"
| #define USE_IMATH_FOR_MP /**/
| #define USE_SMALL_INT_OPT /**/
| #define HAVE_DECL_FFS 1
| #define HAVE_DECL___BUILTIN_FFS 1
| #define HAVE_DECL__BITSCANFORWARD 0
| #define HAVE_DECL_STRCASECMP 1
| #define HAVE_DECL_STRNCASECMP 1
| /* end confdefs.h.  */
| #include <string.h>
| 
| int
| main ()
| {
| #ifndef _stricmp
| #ifdef __cplusplus
|   (void) _stricmp;
| #else
|   (void) _stricmp;
| #endif
| #endif
| 
|   ;
|   return 0;
| }
configure:18164: result: no
configure:18175: checking whether _strnicmp is declared
configure:18175: gcc -c -O3 -fomit-frame-pointer -malign-double -fstrict-aliasing -ffast-math  conftest.c >&5
conftest.c: In function 'main':
conftest.c:42:10: error: '_strnicmp' undeclared (first use in this function); did you mean 'strncmp'?
   (void) _strnicmp;
          ^~~~~~~~~
          strncmp
conftest.c:42:10: note: each undeclared identifier is reported only once for each function it appears in
configure:18175: $? = 1
configure: failed program was:
| /* confdefs.h */
| #define PACKAGE_NAME "isl"
| #define PACKAGE_TARNAME "isl"
| #define PACKAGE_VERSION "0.16.1"
| #define PACKAGE_STRING "isl 0.16.1"
| #define PACKAGE_BUGREPORT "isl-development@googlegroups.com"
| #define PACKAGE_URL ""
| #define PACKAGE "isl"
| #define VERSION "0.16.1"
| #define GCC_WARN_UNUSED_RESULT __attribute__((__warn_unused_result__))
| #define HAVE___ATTRIBUTE__ 1
| #define STDC_HEADERS 1
| #define HAVE_SYS_TYPES_H 1
| #define HAVE_SYS_STAT_H 1
| #define HAVE_STDLIB_H 1
| #define HAVE_STRING_H 1
| #define HAVE_MEMORY_H 1
| #define HAVE_STRINGS_H 1
| #define HAVE_INTTYPES_H 1
| #define HAVE_STDINT_H 1
| #define HAVE_UNISTD_H 1
| #define HAVE_DLFCN_H 1
| #define LT_OBJDIR ".libs/"
| #define USE_IMATH_FOR_MP /**/
| #define USE_SMALL_INT_OPT /**/
| #define HAVE_DECL_FFS 1
| #define HAVE_DECL___BUILTIN_FFS 1
| #define HAVE_DECL__BITSCANFORWARD 0
| #define HAVE_DECL_STRCASECMP 1
| #define HAVE_DECL_STRNCASECMP 1
| #define HAVE_DECL__STRICMP 0
| /* end confdefs.h.  */
| #include <string.h>
| 
| int
| main ()
| {
| #ifndef _strnicmp
| #ifdef __cplusplus
|   (void) _strnicmp;
| #else
|   (void) _strnicmp;
| #endif
| #endif
| 
|   ;
|   return 0;
| }
configure:18175: result: no
configure:18195: checking whether snprintf is declared
configure:18195: gcc -c -O3 -fomit-frame-pointer -malign-double -fstrict-aliasing -ffast-math  conftest.c >&5
configure:18195: $? = 0
configure:18195: result: yes
configure:18206: checking whether _snprintf is declared
configure:18206: gcc -c -O3 -fomit-frame-pointer -malign-double -fstrict-aliasing -ffast-math  conftest.c >&5
conftest.c: In function 'main':
conftest.c:44:10: error: '_snprintf' undeclared (first use in this function); did you mean 'vsnprintf'?
   (void) _snprintf;
          ^~~~~~~~~
          vsnprintf
conftest.c:44:10: note: each undeclared identifier is reported only once for each function it appears in
configure:18206: $? = 1
configure: failed program was:
| /* confdefs.h */
| #define PACKAGE_NAME "isl"
| #define PACKAGE_TARNAME "isl"
| #define PACKAGE_VERSION "0.16.1"
| #define PACKAGE_STRING "isl 0.16.1"
| #define PACKAGE_BUGREPORT "isl-development@googlegroups.com"
| #define PACKAGE_URL ""
| #define PACKAGE "isl"
| #define VERSION "0.16.1"
| #define GCC_WARN_UNUSED_RESULT __attribute__((__warn_unused_result__))
| #define HAVE___ATTRIBUTE__ 1
| #define STDC_HEADERS 1
| #define HAVE_SYS_TYPES_H 1
| #define HAVE_SYS_STAT_H 1
| #define HAVE_STDLIB_H 1
| #define HAVE_STRING_H 1
| #define HAVE_MEMORY_H 1
| #define HAVE_STRINGS_H 1
| #define HAVE_INTTYPES_H 1
| #define HAVE_STDINT_H 1
| #define HAVE_UNISTD_H 1
| #define HAVE_DLFCN_H 1
| #define LT_OBJDIR ".libs/"
| #define USE_IMATH_FOR_MP /**/
| #define USE_SMALL_INT_OPT /**/
| #define HAVE_DECL_FFS 1
| #define HAVE_DECL___BUILTIN_FFS 1
| #define HAVE_DECL__BITSCANFORWARD 0
| #define HAVE_DECL_STRCASECMP 1
| #define HAVE_DECL_STRNCASECMP 1
| #define HAVE_DECL__STRICMP 0
| #define HAVE_DECL__STRNICMP 0
| #define HAVE_DECL_SNPRINTF 1
| /* end confdefs.h.  */
| #include <stdio.h>
| 
| int
| main ()
| {
| #ifndef _snprintf
| #ifdef __cplusplus
|   (void) _snprintf;
| #else
|   (void) _snprintf;
| #endif
| #endif
| 
|   ;
|   return 0;
| }
configure:18206: result: no
configure:18303: checking which clang to use
configure:18305: result: no
configure:18899: checking for C compiler vendor
configure:18930: result: gnu
configure:18951: checking our pkgconfig libname
configure:18959: result: isl
configure:18962: checking our pkgconfig version
configure:18970: result: 0.16.1
configure:18973: checking our pkgconfig_libdir
configure:18980: result: ${libdir}/pkgconfig
configure:18983: result: expanded our pkgconfig_libdir... /home/KALYANBHETWAL/IEGenLib_kalyan/IEGenLib/lib/installed/lib/pkgconfig
configure:18987: checking our pkgconfig_libfile
configure:18993: result: isl.pc
configure:19000: checking our package / suffix
configure:19004: result: isl / 
configure:19007: checking our pkgconfig description
configure:19014: result: isl Library
configure:19017: checking our pkgconfig requires
configure:19022: result: 
configure:19025: checking our pkgconfig ext libs
configure:19032: result: -lisl
configure:19035: checking our pkgconfig cppflags
configure:19040: result: -std=gnu99 -I./imath_wrap
configure:19043: checking our pkgconfig ldflags
configure:19048: result: 
configure:19088: result: noninstalled pkgconfig -L /home/KALYANBHETWAL/IEGenLib_kalyan/IEGenLib/lib/isl/.libs
configure:19123: result: noninstalled pkgconfig -I /home/KALYANBHETWAL/IEGenLib_kalyan/IEGenLib/lib/isl/./include
configure:19291: checking that generated files are newer than configure
configure:19297: result: done
configure:19352: creating ./config.status

## ---------------------- ##
## Running config.status. ##
## ---------------------- ##

This file was extended by isl config.status 0.16.1, which was
generated by GNU Autoconf 2.69.  Invocation command line was

  CONFIG_FILES    = 
  CONFIG_HEADERS  = 
  CONFIG_LINKS    = 
  CONFIG_COMMANDS = 
  $ ./config.status 

on onyx.boisestate.edu

config.status:1237: creating Makefile
config.status:1237: creating doc/Makefile
config.status:1237: creating bound_test.sh
config.status:1237: creating codegen_test.sh
config.status:1237: creating pip_test.sh
config.status:1237: creating isl_config.h
config.status:1418: isl_config.h is unchanged
config.status:1466: executing depfiles commands
config.status:1543: cd .       && sed -e '/# am--include-marker/d' Makefile         | make -f - am--depfiles
make[4]: Entering directory '/home/KALYANBHETWAL/IEGenLib_kalyan/IEGenLib/lib/isl'
make[4]: Nothing to be done for 'am--depfiles'.
make[4]: Leaving directory '/home/KALYANBHETWAL/IEGenLib_kalyan/IEGenLib/lib/isl'
config.status:1548: $? = 0
config.status:1466: executing libtool commands
config.status:1466: executing include/isl/stdint.h commands
config.status:2278: creating include/isl/stdint.h : _ISL_INCLUDE_ISL_STDINT_H
config.status:2720: include/isl/stdint.h is unchanged
config.status:1466: executing isl.pc commands
config.status:2760: creating isl.pc.in
config.status:2783: creating isl.pc
config.status:2809: creating isl-uninstalled.pc
config.status:2839: creating isl-uninstalled.sh

## ---------------- ##
## Cache variables. ##
## ---------------- ##

ac_cv_build=x86_64-pc-linux-gnu
ac_cv_c_compiler_gnu=yes
ac_cv_cxx_compiler_gnu=yes
ac_cv_env_CCC_set=
ac_cv_env_CCC_value=
ac_cv_env_CC_set=
ac_cv_env_CC_value=
ac_cv_env_CFLAGS_set=
ac_cv_env_CFLAGS_value=
ac_cv_env_CPPFLAGS_set=
ac_cv_env_CPPFLAGS_value=
ac_cv_env_CPP_set=
ac_cv_env_CPP_value=
ac_cv_env_CXXCPP_set=
ac_cv_env_CXXCPP_value=
ac_cv_env_CXXFLAGS_set=
ac_cv_env_CXXFLAGS_value=
ac_cv_env_CXX_set=
ac_cv_env_CXX_value=
ac_cv_env_LDFLAGS_set=
ac_cv_env_LDFLAGS_value=
ac_cv_env_LIBS_set=
ac_cv_env_LIBS_value=
ac_cv_env_LT_SYS_LIBRARY_PATH_set=
ac_cv_env_LT_SYS_LIBRARY_PATH_value=
ac_cv_env_build_alias_set=
ac_cv_env_build_alias_value=
ac_cv_env_host_alias_set=
ac_cv_env_host_alias_value=
ac_cv_env_target_alias_set=
ac_cv_env_target_alias_value=
ac_cv_have_decl__BitScanForward=no
ac_cv_have_decl___builtin_ffs=yes
ac_cv_have_decl__snprintf=no
ac_cv_have_decl__stricmp=no
ac_cv_have_decl__strnicmp=no
ac_cv_have_decl_ffs=yes
ac_cv_have_decl_snprintf=yes
ac_cv_have_decl_strcasecmp=yes
ac_cv_have_decl_strncasecmp=yes
ac_cv_header_dlfcn_h=yes
ac_cv_header_gmp_compat_h=yes
ac_cv_header_imath_h=yes
ac_cv_header_inttypes_h=yes
ac_cv_header_memory_h=yes
ac_cv_header_stdc=yes
ac_cv_header_stdint=stdint.h
ac_cv_header_stdint_h=yes
ac_cv_header_stdint_t=stdint.h
ac_cv_header_stdlib_h=yes
ac_cv_header_string_h=yes
ac_cv_header_strings_h=yes
ac_cv_header_sys_stat_h=yes
ac_cv_header_sys_types_h=yes
ac_cv_header_unistd_h=yes
ac_cv_host=x86_64-pc-linux-gnu
ac_cv_objext=o
ac_cv_path_EGREP='/usr/bin/grep -E'
ac_cv_path_FGREP='/usr/bin/grep -F'
ac_cv_path_GREP=/usr/bin/grep
ac_cv_path_SED=/usr/bin/sed
ac_cv_path_install='/usr/bin/install -c'
ac_cv_path_lt_DD=/usr/bin/dd
ac_cv_path_mkdir=/usr/bin/mkdir
ac_cv_prog_AWK=gawk
ac_cv_prog_CPP='gcc -E'
ac_cv_prog_CXXCPP='g++ -E'
ac_cv_prog_PERL=perl
ac_cv_prog_ac_ct_AR=ar
ac_cv_prog_ac_ct_CC=gcc
ac_cv_prog_ac_ct_CXX=g++
ac_cv_prog_ac_ct_OBJDUMP=objdump
ac_cv_prog_ac_ct_RANLIB=ranlib
ac_cv_prog_ac_ct_STRIP=strip
ac_cv_prog_cc_c89=
ac_cv_prog_cc_g=yes
ac_cv_prog_cxx_g=yes
ac_cv_prog_make_make_set=yes
ac_cv_stdint_message='using gnu compiler gcc (GCC) 8.5.0 20210514 (Red Hat 8.5.0-10)'
ac_cv_stdint_result='(assuming C99 compatible system)'
am_cv_CC_dependencies_compiler_type=gcc3
am_cv_CXX_dependencies_compiler_type=gcc3
am_cv_make_support_nested_variables=yes
am_cv_prog_cc_c_o=yes
ax_cv___attribute__=yes
ax_cv_c_compiler_vendor=gnu
ax_cv_c_flags__O3__fomit_frame_pointer__malign_double__fstrict_aliasing__ffast_math=yes
ax_cv_c_flags__ffast_math=yes
ax_cv_c_flags__fstrict_aliasing=yes
ax_cv_c_flags__malign_double=yes
ax_cv_c_flags__march_pentium2=no
ax_cv_c_flags__march_pentiumpro=no
ax_cv_c_flags__mcpu_pentium2=no
ax_cv_c_flags__mcpu_pentiumpro=no
ax_cv_c_flags__mpentium2=no
ax_cv_c_flags__mpentiumpro=no
ax_cv_gcc_archflag=unknown
ax_cv_gcc_warn_unused_result=yes
ax_cv_gcc_x86_cpuid_0=16:756e6547:6c65746e:49656e69
ax_cv_gcc_x86_cpuid_1=50654:24200800:7ffefbff:bfebfbff
lt_cv_ar_at_file=@
lt_cv_deplibs_check_method=pass_all
lt_cv_file_magic_cmd='$MAGIC_CMD'
lt_cv_file_magic_test_file=
lt_cv_ld_reload_flag=-r
lt_cv_nm_interface='BSD nm'
lt_cv_objdir=.libs
lt_cv_path_LD=/usr/bin/ld
lt_cv_path_LDCXX='/usr/bin/ld -m elf_x86_64'
lt_cv_path_NM='/usr/bin/nm -B'
lt_cv_path_mainfest_tool=no
lt_cv_prog_compiler_c_o=yes
lt_cv_prog_compiler_c_o_CXX=yes
lt_cv_prog_compiler_pic='-fPIC -DPIC'
lt_cv_prog_compiler_pic_CXX='-fPIC -DPIC'
lt_cv_prog_compiler_pic_works=yes
lt_cv_prog_compiler_pic_works_CXX=yes
lt_cv_prog_compiler_rtti_exceptions=no
lt_cv_prog_compiler_static_works=no
lt_cv_prog_compiler_static_works_CXX=no
lt_cv_prog_gnu_ld=yes
lt_cv_prog_gnu_ldcxx=yes
lt_cv_sharedlib_from_linklib_cmd='printf %s\n'
lt_cv_shlibpath_overrides_runpath=no
lt_cv_sys_global_symbol_pipe='sed -n -e '\''s/^.*[	 ]\([ABCDGIRSTW][ABCDGIRSTW]*\)[	 ][	 ]*\([_A-Za-z][_A-Za-z0-9]*\)$/\1 \2 \2/p'\'' | sed '\''/ __gnu_lto/d'\'''
lt_cv_sys_global_symbol_to_c_name_address='sed -n -e '\''s/^: \(.*\) .*$/  {"\1", (void *) 0},/p'\'' -e '\''s/^[ABCDGIRSTW][ABCDGIRSTW]* .* \(.*\)$/  {"\1", (void *) \&\1},/p'\'''
lt_cv_sys_global_symbol_to_c_name_address_lib_prefix='sed -n -e '\''s/^: \(.*\) .*$/  {"\1", (void *) 0},/p'\'' -e '\''s/^[ABCDGIRSTW][ABCDGIRSTW]* .* \(lib.*\)$/  {"\1", (void *) \&\1},/p'\'' -e '\''s/^[ABCDGIRSTW][ABCDGIRSTW]* .* \(.*\)$/  {"lib\1", (void *) \&\1},/p'\'''
lt_cv_sys_global_symbol_to_cdecl='sed -n -e '\''s/^T .* \(.*\)$/extern int \1();/p'\'' -e '\''s/^[ABCDGIRSTW][ABCDGIRSTW]* .* \(.*\)$/extern char \1;/p'\'''
lt_cv_sys_global_symbol_to_import=
lt_cv_sys_max_cmd_len=1572864
lt_cv_to_host_file_cmd=func_convert_file_noop
lt_cv_to_tool_file_cmd=func_convert_file_noop
lt_cv_truncate_bin='/usr/bin/dd bs=4096 count=1'

## ----------------- ##
## Output variables. ##
## ----------------- ##

ACLOCAL='${SHELL} /home/KALYANBHETWAL/IEGenLib_kalyan/IEGenLib/lib/isl/missing aclocal-1.16'
AMDEPBACKSLASH='\'
AMDEP_FALSE='#'
AMDEP_TRUE=''
AMTAR='$${TAR-tar}'
AM_BACKSLASH='\'
AM_DEFAULT_V='$(AM_DEFAULT_VERBOSITY)'
AM_DEFAULT_VERBOSITY='0'
AM_V='$(V)'
AR='ar'
AUTOCONF='${SHELL} /home/KALYANBHETWAL/IEGenLib_kalyan/IEGenLib/lib/isl/missing autoconf'
AUTOHEADER='${SHELL} /home/KALYANBHETWAL/IEGenLib_kalyan/IEGenLib/lib/isl/missing autoheader'
AUTOMAKE='${SHELL} /home/KALYANBHETWAL/IEGenLib_kalyan/IEGenLib/lib/isl/missing automake-1.16'
AWK='gawk'
CC='gcc'
CCDEPMODE='depmode=gcc3'
CFLAGS='-O3 -fomit-frame-pointer -malign-double -fstrict-aliasing -ffast-math'
CLANG_CXXFLAGS=''
CLANG_LDFLAGS=''
CLANG_LIBS=''
CPP='gcc -E'
CPPFLAGS=''
CXX='g++'
CXXCPP='g++ -E'
CXXDEPMODE='depmode=gcc3'
CXXFLAGS='-g -O2'
CYGPATH_W='echo'
DEFS='-DHAVE_CONFIG_H'
DEPDIR='.deps'
DLLTOOL='false'
DSYMUTIL=''
DUMPBIN=''
ECHO_C=''
ECHO_N='-n'
ECHO_T=''
EGREP='/usr/bin/grep -E'
EXEEXT=''
FGREP='/usr/bin/grep -F'
GENERATE_DOC_FALSE=''
GENERATE_DOC_TRUE='#'
GIT_HEAD=''
GIT_HEAD_ID='isl-0.16.1'
GIT_HEAD_VERSION='isl-0.16.1'
GMP_FOR_MP_FALSE=''
GMP_FOR_MP_TRUE='#'
GREP='/usr/bin/grep'
HAVE_CLANG_FALSE=''
HAVE_CLANG_TRUE='#'
IMATH_FOR_MP_FALSE='#'
IMATH_FOR_MP_TRUE=''
INSTALL_DATA='${INSTALL} -m 644'
INSTALL_PROGRAM='${INSTALL}'
INSTALL_SCRIPT='${INSTALL}'
INSTALL_STRIP_PROGRAM='$(install_sh) -c -s'
LD='/usr/bin/ld -m elf_x86_64'
LDFLAGS=''
LIBOBJS=''
LIBS=''
LIBTOOL='$(SHELL) $(top_builddir)/libtool'
LIB_CLANG_EDIT=''
LIPO=''
LN_S='ln -s'
LTLIBOBJS=''
LT_SYS_LIBRARY_PATH=''
MAKEINFO='${SHELL} /home/KALYANBHETWAL/IEGenLib_kalyan/IEGenLib/lib/isl/missing makeinfo'
MANIFEST_TOOL=':'
MKDIR_P='/usr/bin/mkdir -p'
MP_CPPFLAGS='-std=gnu99 -I./imath_wrap'
MP_LDFLAGS=''
MP_LIBS=''
NEED_GET_MEMORY_FUNCTIONS_FALSE=''
NEED_GET_MEMORY_FUNCTIONS_TRUE='#'
NM='/usr/bin/nm -B'
NMEDIT=''
OBJDUMP='objdump'
OBJEXT='o'
OTOOL64=''
OTOOL=''
PACKAGE='isl'
PACKAGE_BUGREPORT='isl-development@googlegroups.com'
PACKAGE_NAME='isl'
PACKAGE_STRING='isl 0.16.1'
PACKAGE_TARNAME='isl'
PACKAGE_URL=''
PACKAGE_VERSION='0.16.1'
PATH_SEPARATOR=':'
PDFLATEX=''
PERL='perl'
POD2HTML=''
PRTDIAG=''
RANLIB='ranlib'
SED='/usr/bin/sed'
SET_MAKE=''
SHELL='/bin/sh'
SMALL_INT_OPT_FALSE='#'
SMALL_INT_OPT_TRUE=''
STRIP='strip'
VERSION='0.16.1'
WARNING_FLAGS=''
ac_ct_AR='ar'
ac_ct_CC='gcc'
ac_ct_CXX='g++'
ac_ct_DUMPBIN=''
am__EXEEXT_FALSE=''
am__EXEEXT_TRUE='#'
am__fastdepCC_FALSE='#'
am__fastdepCC_TRUE=''
am__fastdepCXX_FALSE='#'
am__fastdepCXX_TRUE=''
am__include='include'
am__isrc=''
am__leading_dot='.'
am__nodep='_no'
am__quote=''
am__tar='$${TAR-tar} chof - "$$tardir"'
am__untar='$${TAR-tar} xf -'
bindir='${exec_prefix}/bin'
build='x86_64-pc-linux-gnu'
build_alias=''
build_cpu='x86_64'
build_os='linux-gnu'
build_vendor='pc'
datadir='${datarootdir}'
datarootdir='${prefix}/share'
docdir='${datarootdir}/doc/${PACKAGE_TARNAME}'
dvidir='${docdir}'
exec_prefix='${prefix}'
host='x86_64-pc-linux-gnu'
host_alias=''
host_cpu='x86_64'
host_os='linux-gnu'
host_vendor='pc'
htmldir='${docdir}'
includedir='${prefix}/include'
infodir='${datarootdir}/info'
install_sh='${SHELL} /home/KALYANBHETWAL/IEGenLib_kalyan/IEGenLib/lib/isl/install-sh'
libdir='${exec_prefix}/lib'
libexecdir='${exec_prefix}/libexec'
llvm_config_found=''
localedir='${datarootdir}/locale'
localstatedir='${prefix}/var'
mandir='${datarootdir}/man'
mkdir_p='$(MKDIR_P)'
oldincludedir='/usr/include'
pdfdir='${docdir}'
pkgconfig_libdir='${libdir}/pkgconfig'
pkgconfig_libfile='isl.pc'
prefix='/home/KALYANBHETWAL/IEGenLib_kalyan/IEGenLib/lib/installed'
program_transform_name='s,x,x,'
psdir='${docdir}'
sbindir='${exec_prefix}/sbin'
sharedstatedir='${prefix}/com'
sysconfdir='${prefix}/etc'
target_alias=''
versioninfo='16:1:1'

## ----------- ##
## confdefs.h. ##
## ----------- ##

/* confdefs.h */
#define PACKAGE_NAME "isl"
#define PACKAGE_TARNAME "isl"
#define PACKAGE_VERSION "0.16.1"
#define PACKAGE_STRING "isl 0.16.1"
#define PACKAGE_BUGREPORT "isl-development@googlegroups.com"
#define PACKAGE_URL ""
#define PACKAGE "isl"
#define VERSION "0.16.1"
#define GCC_WARN_UNUSED_RESULT __attribute__((__warn_unused_result__))
#define HAVE___ATTRIBUTE__ 1
#define STDC_HEADERS 1
#define HAVE_SYS_TYPES_H 1
#define HAVE_SYS_STAT_H 1
#define HAVE_STDLIB_H 1
#define HAVE_STRING_H 1
#define HAVE_MEMORY_H 1
#define HAVE_STRINGS_H 1
#define HAVE_INTTYPES_H 1
#define HAVE_STDINT_H 1
#define HAVE_UNISTD_H 1
#define HAVE_DLFCN_H 1
#define LT_OBJDIR ".libs/"
#define USE_IMATH_FOR_MP /**/
#define USE_SMALL_INT_OPT /**/
#define HAVE_DECL_FFS 1
#define HAVE_DECL___BUILTIN_FFS 1
#define HAVE_DECL__BITSCANFORWARD 0
#define HAVE_DECL_STRCASECMP 1
#define HAVE_DECL_STRNCASECMP 1
#define HAVE_DECL__STRICMP 0
#define HAVE_DECL__STRNICMP 0
#define HAVE_DECL_SNPRINTF 1
#define HAVE_DECL__SNPRINTF 0

configure: exit 0

## ---------------------- ##
## Running config.status. ##
## ---------------------- ##

This file was extended by isl config.status 0.16.1, which was
generated by GNU Autoconf 2.69.  Invocation command line was

  CONFIG_FILES    = 
  CONFIG_HEADERS  = 
  CONFIG_LINKS    = 
  CONFIG_COMMANDS = 
  $ ./config.status isl_config.h

on onyx.boisestate.edu

config.status:1237: creating isl_config.h
config.status:1418: isl_config.h is unchanged

## ---------------------- ##
## Running config.status. ##
## ---------------------- ##

This file was extended by isl config.status 0.16.1, which was
generated by GNU Autoconf 2.69.  Invocation command line was

  CONFIG_FILES    = 
  CONFIG_HEADERS  = 
  CONFIG_LINKS    = 
  CONFIG_COMMANDS = 
  $ ./config.status isl_config.h

on onyx.boisestate.edu

config.status:1237: creating isl_config.h
config.status:1418: isl_config.h is unchanged

## ---------------------- ##
## Running config.status. ##
## ---------------------- ##

This file was extended by isl config.status 0.16.1, which was
generated by GNU Autoconf 2.69.  Invocation command line was

  CONFIG_FILES    = 
  CONFIG_HEADERS  = 
  CONFIG_LINKS    = 
  CONFIG_COMMANDS = 
  $ ./config.status isl_config.h

on onyx.boisestate.edu

config.status:1237: creating isl_config.h
config.status:1418: isl_config.h is unchanged

## ---------------------- ##
## Running config.status. ##
## ---------------------- ##

This file was extended by isl config.status 0.16.1, which was
generated by GNU Autoconf 2.69.  Invocation command line was

  CONFIG_FILES    = 
  CONFIG_HEADERS  = 
  CONFIG_LINKS    = 
  CONFIG_COMMANDS = 
  $ ./config.status isl_config.h

on onyx.boisestate.edu

config.status:1237: creating isl_config.h
config.status:1418: isl_config.h is unchanged
